<?xml version="1.0" encoding="UTF-8"?>
<testsuites>
	<testsuite tests="177" failures="0" time="0.111" name="github.com/derailed/popeye/internal/sanitize">
		<properties>
			<property name="go.version" value="go1.12.6"></property>
		</properties>
		<testcase classname="sanitize" name="TestClusterSanitize" time="0.000"></testcase>
		<testcase classname="sanitize" name="TestClusterSanitize/good" time="0.000"></testcase>
		<testcase classname="sanitize" name="TestClusterSanitize/guizard" time="0.000"></testcase>
		<testcase classname="sanitize" name="TestConfigMapSanitize" time="0.000"></testcase>
		<testcase classname="sanitize" name="TestCSSanitize" time="0.000"></testcase>
		<testcase classname="sanitize" name="TestCSSanitize/terminated" time="0.000"></testcase>
		<testcase classname="sanitize" name="TestCSSanitize/terminatedNotReady" time="0.000"></testcase>
		<testcase classname="sanitize" name="TestCSSanitize/restartedLimit" time="0.000"></testcase>
		<testcase classname="sanitize" name="TestCSSanitize/cool" time="0.000"></testcase>
		<testcase classname="sanitize" name="TestCSSanitize/notReady" time="0.000"></testcase>
		<testcase classname="sanitize" name="TestCSSanitize/waitingNoReason" time="0.000"></testcase>
		<testcase classname="sanitize" name="TestCSSanitize/waiting" time="0.000"></testcase>
		<testcase classname="sanitize" name="TestCSSanitize/terminatedReason" time="0.000"></testcase>
		<testcase classname="sanitize" name="TestContainerCheckUtilization" time="0.000"></testcase>
		<testcase classname="sanitize" name="TestContainerCheckUtilization/LimOver" time="0.000"></testcase>
		<testcase classname="sanitize" name="TestContainerCheckUtilization/cool" time="0.000"></testcase>
		<testcase classname="sanitize" name="TestContainerCheckUtilization/cpuOver" time="0.000"></testcase>
		<testcase classname="sanitize" name="TestContainerCheckUtilization/memOver" time="0.000"></testcase>
		<testcase classname="sanitize" name="TestContainerCheckUtilization/bothOver" time="0.000"></testcase>
		<testcase classname="sanitize" name="TestContainerCheckResources" time="0.000"></testcase>
		<testcase classname="sanitize" name="TestContainerCheckResources/cool" time="0.000"></testcase>
		<testcase classname="sanitize" name="TestContainerCheckResources/noLim" time="0.000"></testcase>
		<testcase classname="sanitize" name="TestContainerCheckResources/noReq" time="0.000"></testcase>
		<testcase classname="sanitize" name="TestContainerCheckResources/none" time="0.000"></testcase>
		<testcase classname="sanitize" name="TestContainerCheckProbes" time="0.000"></testcase>
		<testcase classname="sanitize" name="TestContainerCheckProbes/Unamed" time="0.000"></testcase>
		<testcase classname="sanitize" name="TestContainerCheckProbes/cool" time="0.000"></testcase>
		<testcase classname="sanitize" name="TestContainerCheckProbes/noReady" time="0.000"></testcase>
		<testcase classname="sanitize" name="TestContainerCheckProbes/noLive" time="0.000"></testcase>
		<testcase classname="sanitize" name="TestContainerCheckProbes/noneProbes" time="0.000"></testcase>
		<testcase classname="sanitize" name="TestContainerCheckImageTags" time="0.000"></testcase>
		<testcase classname="sanitize" name="TestContainerCheckImageTags/cool" time="0.000"></testcase>
		<testcase classname="sanitize" name="TestContainerCheckImageTags/noRev" time="0.000"></testcase>
		<testcase classname="sanitize" name="TestContainerCheckImageTags/latest" time="0.000"></testcase>
		<testcase classname="sanitize" name="TestContainerCheckNamedPorts" time="0.000"></testcase>
		<testcase classname="sanitize" name="TestContainerCheckNamedPorts/named" time="0.000"></testcase>
		<testcase classname="sanitize" name="TestContainerCheckNamedPorts/unamed" time="0.000"></testcase>
		<testcase classname="sanitize" name="TestContainerSanitize" time="0.000"></testcase>
		<testcase classname="sanitize" name="TestContainerSanitize/NoImgNoProbs" time="0.000"></testcase>
		<testcase classname="sanitize" name="TestRevFromLink" time="0.000"></testcase>
		<testcase classname="sanitize" name="TestRevFromLink/single.namespaced" time="0.000"></testcase>
		<testcase classname="sanitize" name="TestRevFromLink/single.notnamespaced" time="0.000"></testcase>
		<testcase classname="sanitize" name="TestRevFromLink/multi.namespaced" time="0.000"></testcase>
		<testcase classname="sanitize" name="TestRevFromLink/multi.notnamespaced" time="0.000"></testcase>
		<testcase classname="sanitize" name="TestDPSanitize" time="0.000"></testcase>
		<testcase classname="sanitize" name="TestDPSanitize/zeroReps" time="0.000"></testcase>
		<testcase classname="sanitize" name="TestDPSanitize/noAvailReps" time="0.000"></testcase>
		<testcase classname="sanitize" name="TestDPSanitize/collisions" time="0.000"></testcase>
		<testcase classname="sanitize" name="TestDPSanitize/good" time="0.000"></testcase>
		<testcase classname="sanitize" name="TestDPSanitize/deprecated" time="0.000"></testcase>
		<testcase classname="sanitize" name="TestDPSanitizeUtilization" time="0.010"></testcase>
		<testcase classname="sanitize" name="TestDPSanitizeUtilization/bestEffort" time="0.000"></testcase>
		<testcase classname="sanitize" name="TestDPSanitizeUtilization/cpuOverBustable" time="0.000"></testcase>
		<testcase classname="sanitize" name="TestDPSanitizeUtilization/memOverBurstable" time="0.000"></testcase>
		<testcase classname="sanitize" name="TestDPSanitizeUtilization/memOverGuaranteed" time="0.000"></testcase>
		<testcase classname="sanitize" name="TestDPSanitizeUtilization/cpuUnderBurstable" time="0.000"></testcase>
		<testcase classname="sanitize" name="TestDPSanitizeUtilization/cpuUnderGuaranteed" time="0.000"></testcase>
		<testcase classname="sanitize" name="TestDPSanitizeUtilization/cpuOverGuaranteed" time="0.000"></testcase>
		<testcase classname="sanitize" name="TestDPSanitizeUtilization/memUnderBurstable" time="0.000"></testcase>
		<testcase classname="sanitize" name="TestDPSanitizeUtilization/memUnderGuaranteed" time="0.000"></testcase>
		<testcase classname="sanitize" name="TestDSSanitize" time="0.000"></testcase>
		<testcase classname="sanitize" name="TestDSSanitize/good" time="0.000"></testcase>
		<testcase classname="sanitize" name="TestDSSanitize/deprecated" time="0.000"></testcase>
		<testcase classname="sanitize" name="TestDSSanitizeUtilization" time="0.010"></testcase>
		<testcase classname="sanitize" name="TestDSSanitizeUtilization/bestEffort" time="0.000"></testcase>
		<testcase classname="sanitize" name="TestDSSanitizeUtilization/cpuUnderBurstable" time="0.000"></testcase>
		<testcase classname="sanitize" name="TestDSSanitizeUtilization/cpuOverGuaranteed" time="0.000"></testcase>
		<testcase classname="sanitize" name="TestDSSanitizeUtilization/memUnderGuaranteed" time="0.000"></testcase>
		<testcase classname="sanitize" name="TestDSSanitizeUtilization/cpuUnderGuaranteed" time="0.000"></testcase>
		<testcase classname="sanitize" name="TestDSSanitizeUtilization/cpuOverBustable" time="0.000"></testcase>
		<testcase classname="sanitize" name="TestDSSanitizeUtilization/memUnderBurstable" time="0.000"></testcase>
		<testcase classname="sanitize" name="TestDSSanitizeUtilization/memOverBurstable" time="0.000"></testcase>
		<testcase classname="sanitize" name="TestDSSanitizeUtilization/memOverGuaranteed" time="0.000"></testcase>
		<testcase classname="sanitize" name="TestNamepaced" time="0.000"></testcase>
		<testcase classname="sanitize" name="TestPluralOf" time="0.000"></testcase>
		<testcase classname="sanitize" name="TestToPerc" time="0.000"></testcase>
		<testcase classname="sanitize" name="TestIn" time="0.000"></testcase>
		<testcase classname="sanitize" name="TestToMCRatio" time="0.000"></testcase>
		<testcase classname="sanitize" name="TestToMEMRatio" time="0.000"></testcase>
		<testcase classname="sanitize" name="TestContainerResources" time="0.000"></testcase>
		<testcase classname="sanitize" name="TestContainerResources/none" time="0.000"></testcase>
		<testcase classname="sanitize" name="TestContainerResources/guaranteed" time="0.000"></testcase>
		<testcase classname="sanitize" name="TestContainerResources/bustableLimit" time="0.000"></testcase>
		<testcase classname="sanitize" name="TestContainerResources/burstableRequest" time="0.000"></testcase>
		<testcase classname="sanitize" name="TestPortAsString" time="0.000"></testcase>
		<testcase classname="sanitize" name="TestHPASanitizeDP" time="0.000"></testcase>
		<testcase classname="sanitize" name="TestHPASanitizeDP/cool" time="0.000"></testcase>
		<testcase classname="sanitize" name="TestHPASanitizeDP/noDeployments" time="0.000"></testcase>
		<testcase classname="sanitize" name="TestHPASanitizeDP/overCpu" time="0.000"></testcase>
		<testcase classname="sanitize" name="TestHPASanitizeDP/overMem" time="0.000"></testcase>
		<testcase classname="sanitize" name="TestHPASanitizeSTS" time="0.000"></testcase>
		<testcase classname="sanitize" name="TestHPASanitizeSTS/overMem" time="0.000"></testcase>
		<testcase classname="sanitize" name="TestHPASanitizeSTS/cool" time="0.000"></testcase>
		<testcase classname="sanitize" name="TestHPASanitizeSTS/noSTS" time="0.000"></testcase>
		<testcase classname="sanitize" name="TestHPASanitizeSTS/overCpu" time="0.000"></testcase>
		<testcase classname="sanitize" name="TestIngressSanitize" time="0.000"></testcase>
		<testcase classname="sanitize" name="TestIngressSanitize/good" time="0.000"></testcase>
		<testcase classname="sanitize" name="TestIngressSanitize/guizard" time="0.000"></testcase>
		<testcase classname="sanitize" name="TestNodeSanitizer" time="0.010"></testcase>
		<testcase classname="sanitize" name="TestNodeSanitizer/good" time="0.000"></testcase>
		<testcase classname="sanitize" name="TestNodeSanitizer/noMetrics" time="0.000"></testcase>
		<testcase classname="sanitize" name="TestNodeSanitizer/overMem" time="0.000"></testcase>
		<testcase classname="sanitize" name="TestNodeSanitizer/outOfMemory" time="0.000"></testcase>
		<testcase classname="sanitize" name="TestNodeSanitizer/diskPressure" time="0.000"></testcase>
		<testcase classname="sanitize" name="TestNodeSanitizer/noNetwork" time="0.000"></testcase>
		<testcase classname="sanitize" name="TestNodeSanitizer/overCPU" time="0.000"></testcase>
		<testcase classname="sanitize" name="TestNodeSanitizer/missingToleration" time="0.000"></testcase>
		<testcase classname="sanitize" name="TestNodeSanitizer/notReady" time="0.000"></testcase>
		<testcase classname="sanitize" name="TestNodeSanitizer/unknownState" time="0.000"></testcase>
		<testcase classname="sanitize" name="TestNodeSanitizer/outOfDisk" time="0.000"></testcase>
		<testcase classname="sanitize" name="TestNodeSanitizer/outOfPID" time="0.000"></testcase>
		<testcase classname="sanitize" name="TestNPSanitize" time="0.000"></testcase>
		<testcase classname="sanitize" name="TestNPSanitize/good" time="0.000"></testcase>
		<testcase classname="sanitize" name="TestNPSanitize/deprecated" time="0.000"></testcase>
		<testcase classname="sanitize" name="TestNPSanitize/noPodRef" time="0.000"></testcase>
		<testcase classname="sanitize" name="TestNPSanitize/noNSRef" time="0.000"></testcase>
		<testcase classname="sanitize" name="TestNamespaceSanitizer" time="0.000"></testcase>
		<testcase classname="sanitize" name="TestNamespaceSanitizer/good" time="0.000"></testcase>
		<testcase classname="sanitize" name="TestNamespaceSanitizer/inactive" time="0.000"></testcase>
		<testcase classname="sanitize" name="TestNamespaceSanitizer/unused" time="0.000"></testcase>
		<testcase classname="sanitize" name="TestPDBSanitize" time="0.000"></testcase>
		<testcase classname="sanitize" name="TestPDBSanitize/good" time="0.000"></testcase>
		<testcase classname="sanitize" name="TestPDBSanitize/noPods" time="0.000"></testcase>
		<testcase classname="sanitize" name="TestPodSanitize" time="0.000"></testcase>
		<testcase classname="sanitize" name="TestPodSanitize/cool" time="0.000"></testcase>
		<testcase classname="sanitize" name="TestPodSanitize/unhappy" time="0.000"></testcase>
		<testcase classname="sanitize" name="TestPodSanitize/defaultSA" time="0.000"></testcase>
		<testcase classname="sanitize" name="TestPSPSanitize" time="0.000"></testcase>
		<testcase classname="sanitize" name="TestPSPSanitize/good" time="0.000"></testcase>
		<testcase classname="sanitize" name="TestPSPSanitize/deprecated" time="0.000"></testcase>
		<testcase classname="sanitize" name="TestPVSanitize" time="0.000"></testcase>
		<testcase classname="sanitize" name="TestPVSanitize/failed" time="0.000"></testcase>
		<testcase classname="sanitize" name="TestPVSanitize/bound" time="0.000"></testcase>
		<testcase classname="sanitize" name="TestPVSanitize/available" time="0.000"></testcase>
		<testcase classname="sanitize" name="TestPVSanitize/pending" time="0.000"></testcase>
		<testcase classname="sanitize" name="TestPVCSanitize" time="0.000"></testcase>
		<testcase classname="sanitize" name="TestPVCSanitize/pending" time="0.000"></testcase>
		<testcase classname="sanitize" name="TestPVCSanitize/used" time="0.000"></testcase>
		<testcase classname="sanitize" name="TestPVCSanitize/bound" time="0.000"></testcase>
		<testcase classname="sanitize" name="TestPVCSanitize/lost" time="0.000"></testcase>
		<testcase classname="sanitize" name="TestRSSanitize" time="0.000"></testcase>
		<testcase classname="sanitize" name="TestRSSanitize/good" time="0.000"></testcase>
		<testcase classname="sanitize" name="TestRSSanitize/deprecated" time="0.000"></testcase>
		<testcase classname="sanitize" name="TestSASanitize" time="0.000"></testcase>
		<testcase classname="sanitize" name="TestSASanitize/cool" time="0.000"></testcase>
		<testcase classname="sanitize" name="TestSASanitize/notUsed" time="0.000"></testcase>
		<testcase classname="sanitize" name="TestSASanitize/missingSecret" time="0.000"></testcase>
		<testcase classname="sanitize" name="TestSecretSanitize" time="0.000"></testcase>
		<testcase classname="sanitize" name="TestSTSSanitizer" time="0.000"></testcase>
		<testcase classname="sanitize" name="TestSTSSanitizer/good" time="0.000"></testcase>
		<testcase classname="sanitize" name="TestSTSSanitizer/deprecated" time="0.000"></testcase>
		<testcase classname="sanitize" name="TestSTSSanitizer/used?" time="0.000"></testcase>
		<testcase classname="sanitize" name="TestSTSSanitizer/zeroReplicas" time="0.000"></testcase>
		<testcase classname="sanitize" name="TestSTSSanitizer/collisions" time="0.000"></testcase>
		<testcase classname="sanitize" name="TestSTSSanitizerUtilization" time="0.010"></testcase>
		<testcase classname="sanitize" name="TestSTSSanitizerUtilization/overMEMGuaranteed" time="0.000"></testcase>
		<testcase classname="sanitize" name="TestSTSSanitizerUtilization/underCPUGuaranteed" time="0.000"></testcase>
		<testcase classname="sanitize" name="TestSTSSanitizerUtilization/overCPUBurstable" time="0.000"></testcase>
		<testcase classname="sanitize" name="TestSTSSanitizerUtilization/overCPUGuarenteed" time="0.000"></testcase>
		<testcase classname="sanitize" name="TestSTSSanitizerUtilization/underMEMBurstable" time="0.000"></testcase>
		<testcase classname="sanitize" name="TestSTSSanitizerUtilization/underMEMGuaranteed" time="0.000"></testcase>
		<testcase classname="sanitize" name="TestSTSSanitizerUtilization/bestEffort" time="0.000"></testcase>
		<testcase classname="sanitize" name="TestSTSSanitizerUtilization/underCPUBurstable" time="0.000"></testcase>
		<testcase classname="sanitize" name="TestSTSSanitizerUtilization/overMEMBurstable" time="0.000"></testcase>
		<testcase classname="sanitize" name="TestSvcSanitize" time="0.010"></testcase>
		<testcase classname="sanitize" name="TestSvcSanitize/nodePortType" time="0.000"></testcase>
		<testcase classname="sanitize" name="TestSvcSanitize/badTargetPortNumb" time="0.000"></testcase>
		<testcase classname="sanitize" name="TestSvcSanitize/badNamedTargetPort" time="0.000"></testcase>
		<testcase classname="sanitize" name="TestSvcSanitize/unnamedTargetPort" time="0.000"></testcase>
		<testcase classname="sanitize" name="TestSvcSanitize/cool" time="0.000"></testcase>
		<testcase classname="sanitize" name="TestSvcSanitize/noEp" time="0.000"></testcase>
		<testcase classname="sanitize" name="TestSvcSanitize/noMatchingPods" time="0.000"></testcase>
		<testcase classname="sanitize" name="TestSvcSanitize/lbType" time="0.000"></testcase>
		<testcase classname="sanitize" name="TestSvcSanitize/noSelector" time="0.000"></testcase>
		<testcase classname="sanitize" name="TestSvcSanitize/externalSvc" time="0.000"></testcase>
		<testcase classname="sanitize" name="TestSvcSanitize/portProtoFail" time="0.000"></testcase>
		<testcase classname="sanitize" name="TestSvcSanitize/unamedSvcPort" time="0.000"></testcase>
	</testsuite>
</testsuites>
